[Fri, 09 Nov 18 18:30:03 -0200][CRITICAL] This is a critical message
[Fri, 09 Nov 18 18:30:03 -0200][EMERGENCY] This is an emergency message
[Fri, 09 Nov 18 18:30:03 -0200][DEBUG] This is a debug message
[Fri, 09 Nov 18 18:30:03 -0200][ERROR] This is an error message
[Fri, 09 Nov 18 18:30:03 -0200][INFO] This is an info message
[Fri, 09 Nov 18 18:30:03 -0200][NOTICE] This is a notice message
[Fri, 09 Nov 18 18:30:03 -0200][WARNING] This is a warning message
[Fri, 09 Nov 18 18:30:03 -0200][ALERT] This is an alert message
[Fri, 09 Nov 18 18:30:03 -0200][ERROR] This is another error message
[Fri, 09 Nov 18 18:30:03 -0200][DEBUG] This is a message
[Fri, 09 Nov 18 18:30:03 -0200][EMERGENCY] Array
[Fri, 09 Nov 18 18:31:46 -0200][CRITICAL] This is a critical message
[Fri, 09 Nov 18 18:31:46 -0200][EMERGENCY] This is an emergency message
[Fri, 09 Nov 18 18:31:46 -0200][DEBUG] This is a debug message
[Fri, 09 Nov 18 18:31:46 -0200][ERROR] This is an error message
[Fri, 09 Nov 18 18:31:46 -0200][INFO] This is an info message
[Fri, 09 Nov 18 18:31:46 -0200][NOTICE] This is a notice message
[Fri, 09 Nov 18 18:31:46 -0200][WARNING] This is a warning message
[Fri, 09 Nov 18 18:31:46 -0200][ALERT] This is an alert message
[Fri, 09 Nov 18 18:31:46 -0200][ERROR] This is another error message
[Fri, 09 Nov 18 18:31:46 -0200][DEBUG] This is a message
[Fri, 09 Nov 18 18:31:46 -0200][EMERGENCY] Array
[Fri, 09 Nov 18 18:31:59 -0200][CRITICAL] This is a critical message
[Fri, 09 Nov 18 18:31:59 -0200][EMERGENCY] This is an emergency message
[Fri, 09 Nov 18 18:31:59 -0200][DEBUG] This is a debug message
[Fri, 09 Nov 18 18:31:59 -0200][ERROR] This is an error message
[Fri, 09 Nov 18 18:31:59 -0200][INFO] This is an info message
[Fri, 09 Nov 18 18:31:59 -0200][NOTICE] This is a notice message
[Fri, 09 Nov 18 18:31:59 -0200][WARNING] This is a warning message
[Fri, 09 Nov 18 18:31:59 -0200][ALERT] This is an alert message
[Fri, 09 Nov 18 18:31:59 -0200][ERROR] This is another error message
[Fri, 09 Nov 18 18:31:59 -0200][DEBUG] This is a message
[Fri, 09 Nov 18 18:31:59 -0200][EMERGENCY] Array
[Fri, 09 Nov 18 18:34:46 -0200][CRITICAL] This is a critical message
[Fri, 09 Nov 18 18:34:46 -0200][EMERGENCY] This is an emergency message
[Fri, 09 Nov 18 18:34:46 -0200][DEBUG] This is a debug message
[Fri, 09 Nov 18 18:34:46 -0200][ERROR] This is an error message
[Fri, 09 Nov 18 18:34:46 -0200][INFO] This is an info message
[Fri, 09 Nov 18 18:34:46 -0200][NOTICE] This is a notice message
[Fri, 09 Nov 18 18:34:46 -0200][WARNING] This is a warning message
[Fri, 09 Nov 18 18:34:46 -0200][ALERT] This is an alert message
[Fri, 09 Nov 18 18:34:46 -0200][ERROR] This is another error message
[Fri, 09 Nov 18 18:34:46 -0200][DEBUG] This is a message
[Fri, 09 Nov 18 18:34:46 -0200][EMERGENCY] Array
[Fri, 09 Nov 18 18:35:20 -0200][ERROR] Mensagem não enviada. Mailer Error: SMTP connect() failed. https://github.com/PHPMailer/PHPMailer/wiki/Troubleshooting
[Fri, 09 Nov 18 18:36:30 -0200][CRITICAL] This is a critical message
[Fri, 09 Nov 18 18:36:30 -0200][EMERGENCY] This is an emergency message
[Fri, 09 Nov 18 18:36:30 -0200][DEBUG] This is a debug message
[Fri, 09 Nov 18 18:36:30 -0200][ERROR] This is an error message
[Fri, 09 Nov 18 18:36:30 -0200][INFO] This is an info message
[Fri, 09 Nov 18 18:36:30 -0200][NOTICE] This is a notice message
[Fri, 09 Nov 18 18:36:30 -0200][WARNING] This is a warning message
[Fri, 09 Nov 18 18:36:30 -0200][ALERT] This is an alert message
[Fri, 09 Nov 18 18:36:30 -0200][ERROR] This is another error message
[Fri, 09 Nov 18 18:36:30 -0200][DEBUG] This is a message
[Fri, 09 Nov 18 18:36:30 -0200][EMERGENCY] Array
[Fri, 09 Nov 18 18:36:34 -0200][CRITICAL] This is a critical message
[Fri, 09 Nov 18 18:36:34 -0200][EMERGENCY] This is an emergency message
[Fri, 09 Nov 18 18:36:34 -0200][DEBUG] This is a debug message
[Fri, 09 Nov 18 18:36:34 -0200][ERROR] This is an error message
[Fri, 09 Nov 18 18:36:34 -0200][INFO] This is an info message
[Fri, 09 Nov 18 18:36:34 -0200][NOTICE] This is a notice message
[Fri, 09 Nov 18 18:36:34 -0200][WARNING] This is a warning message
[Fri, 09 Nov 18 18:36:34 -0200][ALERT] This is an alert message
[Fri, 09 Nov 18 18:36:34 -0200][ERROR] This is another error message
[Fri, 09 Nov 18 18:36:34 -0200][DEBUG] This is a message
[Fri, 09 Nov 18 18:36:34 -0200][EMERGENCY] Array
[Fri, 09 Nov 18 18:43:09 -0200][INFO] Saída do usuário admin do sistema.
[Fri, 09 Nov 18 18:43:22 -0200][INFO] Acesso do usuário admin ao sistema.
[Fri, 09 Nov 18 19:40:36 -0200][INFO] Acesso do usuário admin ao sistema.
[Fri, 09 Nov 18 20:41:21 -0200][INFO] Acesso do usuário admin ao sistema.
[Sat, 10 Nov 18 00:15:53 -0200][INFO] Acesso do usuário admin ao sistema.
[Mon, 19 Nov 18 11:10:07 -0200][INFO] Acesso do usuário admin ao sistema.
[Mon, 19 Nov 18 15:20:57 -0200][INFO] Acesso do usuário admin ao sistema.
[Tue, 20 Nov 18 09:39:01 -0200][INFO] Acesso do usuário admin ao sistema.
[Tue, 20 Nov 18 12:12:34 -0200][INFO] Acesso do usuário admin ao sistema.
[Tue, 20 Nov 18 17:01:45 -0200][INFO] Acesso do usuário admin ao sistema.
[Tue, 20 Nov 18 20:12:26 -0200][INFO] Acesso do usuário admin ao sistema.
[Tue, 20 Nov 18 21:05:56 -0200][INFO] Saída do usuário admin do sistema.
[Tue, 20 Nov 18 21:07:57 -0200][INFO] Acesso do usuário admin ao sistema.
[Wed, 21 Nov 18 21:14:14 -0200][INFO] Acesso do usuário admin ao sistema.
[Wed, 21 Nov 18 22:12:42 -0200][INFO] Saída do usuário admin do sistema.
[Wed, 21 Nov 18 22:15:28 -0200][INFO] Saída do usuário  do sistema.
[Wed, 21 Nov 18 22:15:35 -0200][INFO] Acesso do usuário admin ao sistema.
[Wed, 21 Nov 18 22:15:41 -0200][INFO] Saída do usuário admin do sistema.
[Wed, 21 Nov 18 22:15:48 -0200][INFO] Acesso do usuário admin ao sistema.
[Wed, 21 Nov 18 23:00:54 -0200][INFO] Saída do usuário admin do sistema.
[Wed, 21 Nov 18 23:01:02 -0200][INFO] Acesso do usuário marcelo.santos ao sistema.
[Wed, 21 Nov 18 23:01:15 -0200][INFO] Saída do usuário marcelo.santos do sistema.
[Wed, 21 Nov 18 23:01:22 -0200][INFO] Acesso do usuário admin ao sistema.
[Wed, 21 Nov 18 23:02:36 -0200][INFO] Saída do usuário admin do sistema.
[Wed, 21 Nov 18 23:02:44 -0200][INFO] Acesso do usuário marcelo.santos ao sistema.
[Wed, 21 Nov 18 23:03:01 -0200][INFO] Saída do usuário marcelo.santos do sistema.
[Wed, 21 Nov 18 23:03:11 -0200][INFO] Acesso do usuário leandro.silva ao sistema.
[Wed, 21 Nov 18 23:05:43 -0200][INFO] Saída do usuário leandro.silva do sistema.
[Wed, 21 Nov 18 23:05:56 -0200][INFO] Acesso do usuário leandro.silva ao sistema.
[Wed, 21 Nov 18 23:08:09 -0200][INFO] Saída do usuário leandro.silva do sistema.
[Wed, 21 Nov 18 23:08:20 -0200][INFO] Acesso do usuário admin ao sistema.
[Wed, 21 Nov 18 23:21:35 -0200][INFO] Saída do usuário admin do sistema.
[Wed, 21 Nov 18 23:21:41 -0200][INFO] Acesso do usuário marcelo.santos ao sistema.
[Wed, 21 Nov 18 23:21:51 -0200][INFO] Saída do usuário marcelo.santos do sistema.
[Wed, 21 Nov 18 23:22:01 -0200][INFO] Acesso do usuário leandro.silva ao sistema.
[Wed, 21 Nov 18 23:22:11 -0200][INFO] Saída do usuário leandro.silva do sistema.
[Wed, 21 Nov 18 23:22:20 -0200][INFO] Acesso do usuário admin ao sistema.
[Thu, 22 Nov 18 20:06:13 -0200][INFO] Acesso do usuário admin ao sistema.
[Fri, 23 Nov 18 11:31:15 -0200][INFO] Acesso do usuário admin ao sistema.
[Sat, 24 Nov 18 15:59:38 -0200][INFO] Acesso do usuário admin ao sistema.
[Tue, 27 Nov 18 10:11:42 -0200][INFO] Acesso do usuário admin ao sistema.
[Sat, 01 Dec 18 16:31:18 -0200][INFO] Acesso do usuário admin ao sistema.
[Sat, 01 Dec 18 17:24:34 -0200][INFO] Acesso do usuário admin ao sistema.
[Mon, 03 Dec 18 09:26:23 -0200][INFO] Acesso do usuário admin ao sistema.
[Fri, 07 Dec 18 11:14:55 -0200][INFO] Acesso do usuário admin ao sistema.
[Fri, 07 Dec 18 13:23:14 -0200][INFO] Saída do usuário admin do sistema.
[Fri, 07 Dec 18 13:23:25 -0200][INFO] Acesso do usuário admin ao sistema.
[Fri, 07 Dec 18 13:23:37 -0200][INFO] Saída do usuário admin do sistema.
[Fri, 07 Dec 18 13:23:44 -0200][INFO] Acesso do usuário elton.cruz ao sistema.
[Fri, 07 Dec 18 13:23:54 -0200][INFO] Saída do usuário elton.cruz do sistema.
[Fri, 07 Dec 18 13:24:00 -0200][INFO] Acesso do usuário admin ao sistema.
[Fri, 07 Dec 18 15:04:43 -0200][INFO] Acesso do usuário admin ao sistema.
[Fri, 07 Dec 18 16:14:01 -0200][INFO] Acesso do usuário admin ao sistema.
[Mon, 10 Dec 18 09:14:59 -0200][INFO] Acesso do usuário admin ao sistema.
[Mon, 10 Dec 18 12:25:47 -0200][INFO] Acesso do usuário admin ao sistema.
[Wed, 02 Jan 19 17:27:40 -0200][INFO] Acesso do usuário admin ao sistema.
[Fri, 04 Jan 19 21:01:25 -0200][INFO] Acesso do usuário admin ao sistema.
[Sat, 05 Jan 19 10:21:36 -0200][INFO] Acesso do usuário admin ao sistema.
[Sat, 05 Jan 19 12:21:24 -0200][INFO] Saída do usuário admin do sistema.
[Sat, 05 Jan 19 12:21:32 -0200][INFO] Acesso do usuário admin ao sistema.
[Sat, 05 Jan 19 12:51:12 -0200][INFO] Saída do usuário admin do sistema.
[Sat, 05 Jan 19 12:51:24 -0200][INFO] Acesso do usuário admin ao sistema.
[Sat, 05 Jan 19 18:31:02 -0200][INFO] Saída do usuário  do sistema.
[Sat, 05 Jan 19 18:31:13 -0200][INFO] Acesso do usuário admin ao sistema.
[Sat, 05 Jan 19 19:34:56 -0200][INFO] Saída do usuário admin do sistema.
[Sat, 05 Jan 19 19:35:04 -0200][INFO] Acesso do usuário admin ao sistema.
[Sat, 05 Jan 19 19:49:45 -0200][INFO] Saída do usuário admin do sistema.
[Sat, 05 Jan 19 19:49:54 -0200][INFO] Acesso do usuário admin ao sistema.
[Sat, 05 Jan 19 22:24:29 -0200][INFO] Saída do usuário admin do sistema.
[Sat, 05 Jan 19 22:24:37 -0200][INFO] Acesso do usuário admin ao sistema.
[Mon, 07 Jan 19 10:11:57 -0200][INFO] Acesso do usuário admin ao sistema.
[Mon, 07 Jan 19 10:32:51 -0200][INFO] Saída do usuário admin do sistema.
[Mon, 07 Jan 19 10:33:13 -0200][INFO] Acesso do usuário admin ao sistema.
[Mon, 07 Jan 19 10:56:11 -0200][INFO] Saída do usuário admin do sistema.
[Mon, 07 Jan 19 10:56:22 -0200][INFO] Acesso do usuário leandro.silva ao sistema.
[Mon, 07 Jan 19 10:57:12 -0200][INFO] Saída do usuário leandro.silva do sistema.
[Mon, 07 Jan 19 10:57:30 -0200][INFO] Acesso do usuário admin ao sistema.
[Mon, 07 Jan 19 10:57:43 -0200][INFO] Saída do usuário admin do sistema.
[Mon, 07 Jan 19 10:57:56 -0200][INFO] Acesso do usuário marcelo.santos ao sistema.
[Mon, 07 Jan 19 10:58:32 -0200][INFO] Saída do usuário marcelo.santos do sistema.
[Mon, 07 Jan 19 10:58:43 -0200][INFO] Acesso do usuário admin ao sistema.
[Wed, 09 Jan 19 12:40:36 -0200][INFO] Acesso do usuário admin ao sistema.
[Wed, 09 Jan 19 13:39:49 -0200][INFO] Acesso do usuário admin ao sistema.
[Thu, 10 Jan 19 12:14:15 -0200][INFO] Acesso do usuário admin ao sistema.
[Thu, 10 Jan 19 17:00:09 -0200][INFO] Acesso do usuário admin ao sistema.
[Sat, 12 Jan 19 16:23:11 -0200][INFO] Acesso do usuário admin ao sistema.
[Fri, 25 Jan 19 15:58:52 -0200][INFO] Acesso do usuário admin ao sistema.
[Mon, 28 Jan 19 10:12:28 -0200][INFO] Acesso do usuário admin ao sistema.
[Wed, 30 Jan 19 10:10:46 -0200][INFO] Acesso do usuário admin ao sistema.
[Wed, 30 Jan 19 11:23:21 -0200][INFO] Acesso do usuário admin ao sistema.
[Wed, 30 Jan 19 18:01:33 -0200][INFO] Acesso do usuário admin ao sistema.
[Wed, 30 Jan 19 20:16:36 -0200][INFO] Acesso do usuário admin ao sistema.
[Fri, 01 Feb 19 15:29:38 -0200][INFO] Acesso do usuário admin ao sistema.
[Sun, 03 Feb 19 20:04:58 -0200][INFO] Acesso do usuário admin ao sistema.
[Sun, 03 Feb 19 21:05:02 -0200][INFO] Acesso do usuário admin ao sistema.
[Mon, 04 Feb 19 15:16:02 -0200][INFO] Acesso do usuário admin ao sistema.
[Mon, 04 Feb 19 16:54:21 -0200][INFO] Saída do usuário admin do sistema.
[Mon, 04 Feb 19 16:54:28 -0200][INFO] Acesso do usuário admin ao sistema.
[Mon, 04 Feb 19 16:55:28 -0200][INFO] Saída do usuário admin do sistema.
[Mon, 04 Feb 19 16:55:34 -0200][INFO] Acesso do usuário admin ao sistema.
[Mon, 04 Feb 19 19:54:27 -0200][INFO] Acesso do usuário admin ao sistema.
[Mon, 04 Feb 19 22:53:10 -0200][INFO] Acesso do usuário admin ao sistema.
[Tue, 05 Feb 19 23:45:09 -0200][INFO] Acesso do usuário admin ao sistema.
[Wed, 06 Feb 19 10:40:48 -0200][INFO] Acesso do usuário admin ao sistema.
[Wed, 06 Feb 19 11:58:27 -0200][ERROR] Mensagem não enviada. Mailer Error: SMTP connect() failed. https://github.com/PHPMailer/PHPMailer/wiki/Troubleshooting
[Wed, 06 Feb 19 11:59:00 -0200][ERROR] Mensagem não enviada. Mailer Error: SMTP connect() failed. https://github.com/PHPMailer/PHPMailer/wiki/Troubleshooting
[Thu, 07 Feb 19 17:26:21 -0200][INFO] Acesso do usuário admin ao sistema.
[Thu, 07 Feb 19 17:27:17 -0200][INFO] Saída do usuário admin do sistema.
[Thu, 07 Feb 19 17:39:19 -0200][INFO] Acesso do usuário admin ao sistema.
[Fri, 08 Feb 19 14:48:23 -0200][INFO] Acesso do usuário admin ao sistema.
[Fri, 08 Feb 19 15:42:28 -0200][INFO] Acesso do usuário admin ao sistema.
[Fri, 08 Feb 19 15:48:29 -0200][INFO] Saída do usuário admin do sistema.
[Fri, 08 Feb 19 15:48:36 -0200][INFO] Acesso do usuário admin ao sistema.
[Fri, 08 Feb 19 16:03:43 -0200][INFO] Saída do usuário admin do sistema.
[Fri, 08 Feb 19 16:03:51 -0200][INFO] Acesso do usuário admin ao sistema.
[Fri, 08 Feb 19 16:10:08 -0200][INFO] Saída do usuário admin do sistema.
[Fri, 08 Feb 19 16:10:15 -0200][INFO] Acesso do usuário marcelo.santos ao sistema.
[Fri, 08 Feb 19 16:10:30 -0200][INFO] Saída do usuário marcelo.santos do sistema.
[Fri, 08 Feb 19 16:10:37 -0200][INFO] Acesso do usuário admin ao sistema.
[Fri, 08 Feb 19 16:10:48 -0200][INFO] Saída do usuário admin do sistema.
[Fri, 08 Feb 19 16:10:54 -0200][INFO] Acesso do usuário leandro.silva ao sistema.
[Fri, 08 Feb 19 16:11:19 -0200][INFO] Saída do usuário leandro.silva do sistema.
[Fri, 08 Feb 19 16:15:40 -0200][INFO] Acesso do usuário admin ao sistema.
[Fri, 08 Feb 19 17:41:23 -0200][INFO] Acesso do usuário admin ao sistema.
[Fri, 08 Feb 19 17:55:53 -0200][INFO] Saída do usuário admin do sistema.
[Fri, 08 Feb 19 17:56:01 -0200][INFO] Acesso do usuário admin ao sistema.
[Fri, 08 Feb 19 20:27:47 -0200][INFO] Acesso do usuário admin ao sistema.
[Fri, 08 Feb 19 21:58:37 -0200][INFO] Acesso do usuário admin ao sistema.
[Sat, 09 Feb 19 09:27:31 -0200][INFO] Acesso do usuário admin ao sistema.
[Sat, 09 Feb 19 10:58:37 -0200][INFO] Acesso do usuário admin ao sistema.
[Sat, 09 Feb 19 14:19:19 -0200][INFO] Acesso do usuário admin ao sistema.
[Sat, 09 Feb 19 23:26:14 -0200][INFO] Acesso do usuário admin ao sistema.
[Mon, 11 Feb 19 09:55:52 -0200][INFO] Acesso do usuário admin ao sistema.
[Mon, 11 Feb 19 12:07:25 -0200][INFO] Saída do usuário admin do sistema.
[Mon, 11 Feb 19 12:08:23 -0200][INFO] Acesso do usuário admin ao sistema.
[Mon, 11 Feb 19 15:36:17 -0200][INFO] Acesso do usuário admin ao sistema.
[Mon, 11 Feb 19 21:57:02 -0200][INFO] Acesso do usuário admin ao sistema.
[Mon, 11 Feb 19 23:28:26 -0200][INFO] Acesso do usuário admin ao sistema.
[Wed, 13 Feb 19 11:53:50 -0200][INFO] Acesso do usuário admin ao sistema.
[Wed, 13 Feb 19 13:01:27 -0200][INFO] Acesso do usuário admin ao sistema.
[Wed, 13 Feb 19 15:29:56 -0200][INFO] Saída do usuário admin do sistema.
[Wed, 13 Feb 19 15:30:05 -0200][INFO] Acesso do usuário admin ao sistema.
[Wed, 13 Feb 19 20:46:22 -0200][INFO] Acesso do usuário admin ao sistema.
[Thu, 14 Feb 19 12:49:19 -0200][INFO] Acesso do usuário admin ao sistema.
[Thu, 14 Feb 19 16:38:18 -0200][INFO] Acesso do usuário admin ao sistema.
[Sat, 16 Feb 19 12:08:05 -0200][INFO] Acesso do usuário admin ao sistema.
[Sat, 16 Feb 19 12:39:32 -0200][INFO] Acesso do usuário admin ao sistema.
[Mon, 18 Feb 19 14:55:56 -0300][INFO] Acesso do usuário admin ao sistema.
[Mon, 18 Feb 19 16:38:05 -0300][INFO] Acesso do usuário admin ao sistema.
[Mon, 18 Feb 19 21:55:52 -0300][INFO] Acesso do usuário admin ao sistema.
[Tue, 19 Feb 19 10:38:22 -0300][INFO] Acesso do usuário admin ao sistema.
[Tue, 19 Feb 19 15:39:58 -0300][INFO] Acesso do usuário admin ao sistema.
[Tue, 19 Feb 19 18:35:11 -0300][INFO] Acesso do usuário admin ao sistema.
[Wed, 20 Feb 19 09:01:07 -0300][INFO] Acesso do usuário admin ao sistema.
[Wed, 20 Feb 19 09:40:49 -0300][INFO] Saída do usuário admin do sistema.
[Wed, 20 Feb 19 10:09:01 -0300][INFO] Acesso do usuário admin ao sistema.
[Wed, 20 Feb 19 12:08:13 -0300][INFO] Acesso do usuário admin ao sistema.
[Wed, 20 Feb 19 14:02:42 -0300][INFO] Acesso do usuário admin ao sistema.
[Wed, 20 Feb 19 15:10:41 -0300][INFO] Acesso do usuário admin ao sistema.
[Wed, 20 Feb 19 19:38:14 -0300][INFO] Acesso do usuário admin ao sistema.
[Fri, 22 Feb 19 14:55:03 -0300][INFO] Acesso do usuário admin ao sistema.
[Tue, 26 Feb 19 10:45:09 -0300][INFO] Acesso do usuário admin ao sistema.
[Tue, 26 Feb 19 12:14:57 -0300][INFO] Acesso do usuário admin ao sistema.
[Tue, 26 Feb 19 14:41:42 -0300][INFO] Acesso do usuário admin ao sistema.
[Tue, 26 Feb 19 15:26:57 -0300][INFO] Acesso do usuário admin ao sistema.
[Wed, 27 Feb 19 09:40:34 -0300][INFO] Acesso do usuário admin ao sistema.
[Wed, 27 Feb 19 20:54:06 -0300][INFO] Acesso do usuário admin ao sistema.
[Thu, 28 Feb 19 10:17:25 -0300][INFO] Acesso do usuário admin ao sistema.
[Thu, 28 Feb 19 13:03:47 -0300][INFO] Acesso do usuário admin ao sistema.
[Thu, 28 Feb 19 15:47:13 -0300][INFO] Acesso do usuário admin ao sistema.
[Fri, 01 Mar 19 09:49:27 -0300][INFO] Acesso do usuário admin ao sistema.
[Fri, 01 Mar 19 10:07:01 -0300][INFO] Saída do usuário admin do sistema.
[Thu, 07 Mar 19 10:50:14 -0300][INFO] Acesso do usuário admin ao sistema.
[Thu, 07 Mar 19 17:00:18 -0300][INFO] Acesso do usuário admin ao sistema.
[Mon, 11 Mar 19 10:26:20 -0300][INFO] Acesso do usuário admin ao sistema.
[Mon, 11 Mar 19 13:01:30 -0300][INFO] Acesso do usuário admin ao sistema.
[Mon, 11 Mar 19 13:28:13 -0300][INFO] Saída do usuário admin do sistema.
[Mon, 11 Mar 19 13:28:22 -0300][INFO] Acesso do usuário admin ao sistema.
[Mon, 11 Mar 19 19:38:19 -0300][INFO] Acesso do usuário admin ao sistema.
[Tue, 12 Mar 19 21:41:48 -0300][INFO] Acesso do usuário admin ao sistema.
[Wed, 13 Mar 19 11:52:52 -0300][INFO] Acesso do usuário admin ao sistema.
[Tue, 26 Mar 19 15:43:56 -0300][INFO] Acesso do usuário admin ao sistema.
[Wed, 27 Mar 19 08:22:02 -0300][INFO] Acesso do usuário admin ao sistema.
[Wed, 27 Mar 19 08:39:34 -0300][INFO] Saída do usuário admin do sistema.
[Wed, 27 Mar 19 08:39:56 -0300][INFO] Acesso do usuário admin ao sistema.
[Wed, 27 Mar 19 10:15:43 -0300][INFO] Acesso do usuário admin ao sistema.
[Wed, 27 Mar 19 11:01:37 -0300][INFO] Acesso do usuário admin ao sistema.
[Thu, 28 Mar 19 21:10:42 -0300][INFO] Acesso do usuário admin ao sistema.
[Fri, 29 Mar 19 10:15:41 -0300][INFO] Acesso do usuário admin ao sistema.
[Tue, 02 Apr 19 20:55:52 -0300][INFO] Acesso do usuário admin ao sistema.
[Wed, 03 Apr 19 11:28:53 -0300][INFO] Acesso do usuário admin ao sistema.
[Wed, 03 Apr 19 11:31:40 -0300][INFO] Saída do usuário admin do sistema.
[Wed, 03 Apr 19 11:37:09 -0300][INFO] Acesso do usuário admin ao sistema.
[Wed, 03 Apr 19 16:38:54 -0300][INFO] Acesso do usuário admin ao sistema.
[Wed, 03 Apr 19 20:10:05 -0300][INFO] Acesso do usuário admin ao sistema.
[Wed, 03 Apr 19 21:21:36 -0300][INFO] Acesso do usuário admin ao sistema.
[Thu, 04 Apr 19 15:11:00 -0300][INFO] Acesso do usuário admin ao sistema.
[Wed, 10 Apr 19 09:37:55 -0300][INFO] Acesso do usuário admin ao sistema.
[Wed, 10 Apr 19 16:07:07 -0300][INFO] Acesso do usuário admin ao sistema.
[Wed, 10 Apr 19 16:27:39 -0300][INFO] Saída do usuário admin do sistema.
[Fri, 12 Apr 19 11:31:52 -0300][INFO] Acesso do usuário admin ao sistema.
[Fri, 12 Apr 19 14:10:15 -0300][INFO] Acesso do usuário admin ao sistema.
[Sat, 13 Apr 19 09:06:20 -0300][INFO] Acesso do usuário admin ao sistema.
[Tue, 16 Apr 19 21:23:19 -0300][INFO] Acesso do usuário admin ao sistema.
[Mon, 17 Jun 19 10:33:43 -0300][INFO] Acesso do usuário admin ao sistema.
[Mon, 17 Jun 19 10:48:32 -0300][INFO] Saída do usuário admin do sistema.
[Mon, 17 Jun 19 10:48:46 -0300][ERROR] Mensagem não enviada. Mailer Error: SMTP Error: Could not authenticate.
[Mon, 17 Jun 19 10:49:15 -0300][ERROR] Mensagem não enviada. Mailer Error: SMTP Error: Could not authenticate.
[Mon, 17 Jun 19 10:50:40 -0300][ERROR] Mensagem não enviada. Mailer Error: SMTP Error: Could not authenticate.
[Mon, 17 Jun 19 10:51:13 -0300][ERROR] Mensagem não enviada. Mailer Error: SMTP Error: Could not authenticate.
[Mon, 17 Jun 19 10:55:44 -0300][ERROR] Mensagem não enviada. Mailer Error: SMTP Error: Could not authenticate.
[Mon, 17 Jun 19 10:56:06 -0300][ERROR] Mensagem não enviada. Mailer Error: SMTP Error: Could not authenticate.
[Mon, 17 Jun 19 10:58:45 -0300][ERROR] Mensagem não enviada. Mailer Error: SMTP Error: Could not authenticate.
[Mon, 17 Jun 19 11:09:41 -0300][INFO] Acesso do usuário admin ao sistema.
[Mon, 17 Jun 19 11:10:02 -0300][INFO] Saída do usuário admin do sistema.
[Mon, 17 Jun 19 11:10:22 -0300][INFO] Acesso do usuário admin ao sistema.
[Mon, 17 Jun 19 11:10:26 -0300][INFO] Saída do usuário admin do sistema.
[Mon, 17 Jun 19 11:15:38 -0300][INFO] Acesso do usuário admin ao sistema.
[Mon, 17 Jun 19 11:22:56 -0300][INFO] Saída do usuário admin do sistema.
[Mon, 17 Jun 19 11:27:38 -0300][INFO] Acesso do usuário admin ao sistema.
[Mon, 17 Jun 19 14:14:38 -0300][INFO] Acesso do usuário admin ao sistema.
[Mon, 17 Jun 19 14:35:26 -0300][INFO] Acesso do usuário admin ao sistema.
[Sun, 23 Jun 19 21:34:20 -0300][INFO] Acesso do usuário admin ao sistema.
[Sun, 23 Jun 19 21:45:06 -0300][INFO] Saída do usuário admin do sistema.
[Sun, 23 Jun 19 21:45:20 -0300][INFO] Acesso do usuário admin ao sistema.
[Sun, 23 Jun 19 21:45:58 -0300][INFO] Saída do usuário admin do sistema.
[Sun, 23 Jun 19 21:46:08 -0300][INFO] Acesso do usuário admin ao sistema.
[Sun, 23 Jun 19 21:55:44 -0300][INFO] Saída do usuário admin do sistema.
[Sun, 23 Jun 19 21:55:57 -0300][INFO] Acesso do usuário admin ao sistema.
[Sun, 23 Jun 19 21:56:05 -0300][INFO] Saída do usuário admin do sistema.
[Sun, 23 Jun 19 21:58:03 -0300][INFO] Acesso do usuário admin ao sistema.
[Sun, 23 Jun 19 21:58:25 -0300][INFO] Saída do usuário admin do sistema.
[Sun, 23 Jun 19 21:58:35 -0300][INFO] Acesso do usuário admin ao sistema.
[Sun, 23 Jun 19 21:58:49 -0300][INFO] Saída do usuário admin do sistema.
[Sun, 23 Jun 19 22:06:33 -0300][INFO] Acesso do usuário admin ao sistema.
[Sun, 23 Jun 19 22:06:54 -0300][INFO] Saída do usuário admin do sistema.
[Sun, 23 Jun 19 22:07:02 -0300][INFO] Acesso do usuário admin ao sistema.
[Sun, 23 Jun 19 22:07:07 -0300][INFO] Saída do usuário admin do sistema.
[Mon, 24 Jun 19 10:03:55 -0300][INFO] Acesso do usuário admin ao sistema.
[Mon, 24 Jun 19 10:04:08 -0300][INFO] Saída do usuário admin do sistema.
[Mon, 24 Jun 19 10:04:43 -0300][INFO] Acesso do usuário admin ao sistema.
[Mon, 24 Jun 19 10:04:48 -0300][INFO] Saída do usuário admin do sistema.
[Mon, 24 Jun 19 10:05:55 -0300][INFO] Acesso do usuário admin ao sistema.
[Mon, 24 Jun 19 10:06:06 -0300][INFO] Saída do usuário admin do sistema.
[Mon, 24 Jun 19 10:08:47 -0300][INFO] Acesso do usuário admin ao sistema.
[Mon, 24 Jun 19 10:08:53 -0300][INFO] Saída do usuário admin do sistema.
[Mon, 24 Jun 19 10:14:22 -0300][INFO] Acesso do usuário admin ao sistema.
[Mon, 24 Jun 19 11:11:45 -0300][INFO] Saída do usuário  do sistema.
[Mon, 24 Jun 19 11:11:53 -0300][INFO] Acesso do usuário admin ao sistema.
[Mon, 24 Jun 19 11:14:18 -0300][INFO] Saída do usuário admin do sistema.
[Mon, 24 Jun 19 11:14:27 -0300][INFO] Acesso do usuário admin ao sistema.
[Wed, 26 Jun 19 14:42:22 -0300][INFO] Acesso do usuário admin ao sistema.
[Wed, 26 Jun 19 16:01:25 -0300][INFO] Acesso do usuário admin ao sistema.
[Wed, 26 Jun 19 18:32:20 -0300][INFO] Acesso do usuário admin ao sistema.
[Wed, 26 Jun 19 19:42:25 -0300][INFO] Acesso do usuário admin ao sistema.
[Thu, 27 Jun 19 16:11:09 -0300][INFO] Acesso do usuário admin ao sistema.
[Thu, 27 Jun 19 18:58:21 -0300][INFO] Acesso do usuário admin ao sistema.
[Fri, 28 Jun 19 11:59:05 -0300][INFO] Acesso do usuário admin ao sistema.
[Mon, 01 Jul 19 16:02:32 -0300][INFO] Acesso do usuário admin ao sistema.
[Wed, 03 Jul 19 21:04:39 -0300][INFO] Acesso do usuário admin ao sistema.
[Thu, 04 Jul 19 09:18:27 -0300][INFO] Acesso do usuário admin ao sistema.
[Thu, 04 Jul 19 10:17:12 -0300][INFO] Saída do usuário admin do sistema.
[Thu, 04 Jul 19 10:17:20 -0300][INFO] Acesso do usuário marcelo.santos ao sistema.
[Thu, 04 Jul 19 10:18:03 -0300][INFO] Saída do usuário marcelo.santos do sistema.
[Thu, 04 Jul 19 10:18:12 -0300][INFO] Acesso do usuário admin ao sistema.
[Mon, 08 Jul 19 09:12:00 -0300][INFO] Acesso do usuário admin ao sistema.
[Mon, 08 Jul 19 11:10:30 -0300][INFO] Acesso do usuário admin ao sistema.
[Mon, 08 Jul 19 14:19:44 -0300][INFO] Acesso do usuário admin ao sistema.
[Mon, 08 Jul 19 15:45:39 -0300][INFO] Acesso do usuário admin ao sistema.
[Mon, 08 Jul 19 19:15:00 -0300][INFO] Acesso do usuário admin ao sistema.
[Mon, 08 Jul 19 19:30:43 -0300][INFO] Saída do usuário admin do sistema.
[Mon, 08 Jul 19 19:30:58 -0300][INFO] Acesso do usuário admin ao sistema.
[Mon, 08 Jul 19 21:36:22 -0300][INFO] Acesso do usuário admin ao sistema.
[Tue, 09 Jul 19 08:59:31 -0300][INFO] Acesso do usuário admin ao sistema.
[Tue, 09 Jul 19 08:59:44 -0300][INFO] Saída do usuário admin do sistema.
[Tue, 09 Jul 19 09:00:51 -0300][INFO] Acesso do usuário admin ao sistema.
[Tue, 09 Jul 19 12:30:20 -0300][INFO] Saída do usuário admin do sistema.
[Tue, 09 Jul 19 12:30:27 -0300][INFO] Acesso do usuário admin ao sistema.
[Tue, 09 Jul 19 12:55:24 -0300][INFO] Saída do usuário admin do sistema.
[Tue, 09 Jul 19 12:55:31 -0300][INFO] Acesso do usuário admin ao sistema.
[Tue, 09 Jul 19 12:56:47 -0300][INFO] Saída do usuário admin do sistema.
[Tue, 09 Jul 19 12:58:00 -0300][INFO] Acesso do usuário admin ao sistema.
[Tue, 09 Jul 19 12:58:06 -0300][INFO] Saída do usuário admin do sistema.
[Tue, 09 Jul 19 12:58:17 -0300][INFO] Acesso do usuário admin ao sistema.
[Tue, 09 Jul 19 14:08:12 -0300][INFO] Acesso do usuário admin ao sistema.
[Tue, 09 Jul 19 15:45:42 -0300][INFO] Acesso do usuário admin ao sistema.
[Tue, 09 Jul 19 17:00:49 -0300][INFO] Acesso do usuário admin ao sistema.
[Tue, 09 Jul 19 17:59:28 -0300][INFO] Acesso do usuário admin ao sistema.
[Tue, 09 Jul 19 19:53:59 -0300][INFO] Acesso do usuário admin ao sistema.
[Wed, 10 Jul 19 11:29:15 -0300][INFO] Acesso do usuário admin ao sistema.
[Wed, 10 Jul 19 14:35:06 -0300][INFO] Acesso do usuário admin ao sistema.
[Wed, 10 Jul 19 15:52:11 -0300][INFO] Acesso do usuário admin ao sistema.
[Wed, 10 Jul 19 17:29:41 -0300][INFO] Acesso do usuário admin ao sistema.
[Wed, 10 Jul 19 19:36:43 -0300][INFO] Acesso do usuário admin ao sistema.
[Mon, 15 Jul 19 10:39:26 -0300][INFO] Acesso do usuário admin ao sistema.
[Mon, 15 Jul 19 16:40:36 -0300][INFO] Acesso do usuário admin ao sistema.
[Mon, 15 Jul 19 18:51:42 -0300][INFO] Acesso do usuário admin ao sistema.
[Tue, 23 Jul 19 14:53:49 -0300][INFO] Acesso do usuário admin ao sistema.
[Wed, 24 Jul 19 10:04:57 -0300][INFO] Acesso do usuário admin ao sistema.
[Thu, 25 Jul 19 10:34:39 -0300][INFO] Acesso do usuário admin ao sistema.
[Thu, 25 Jul 19 14:54:38 -0300][INFO] Acesso do usuário admin ao sistema.
[Wed, 31 Jul 19 20:19:23 -0300][INFO] Acesso do usuário admin ao sistema.
[Mon, 05 Aug 19 14:36:38 -0300][INFO] Acesso do usuário admin ao sistema.
[Mon, 05 Aug 19 15:27:32 -0300][INFO] Acesso do usuário admin ao sistema.
[Mon, 12 Aug 19 10:22:25 -0300][INFO] Acesso do usuário admin ao sistema.
[Mon, 12 Aug 19 10:22:41 -0300][INFO] Saída do usuário admin do sistema.
[Mon, 12 Aug 19 10:22:52 -0300][INFO] Acesso do usuário admin ao sistema.
[Tue, 13 Aug 19 09:39:58 -0300][INFO] Acesso do usuário admin ao sistema.
[Tue, 13 Aug 19 11:42:33 -0300][INFO] Acesso do usuário admin ao sistema.
[Tue, 13 Aug 19 11:46:34 -0300][INFO] Acesso do usuário admin ao sistema.
[Wed, 14 Aug 19 11:02:07 -0300][INFO] Acesso do usuário admin ao sistema.
[Wed, 14 Aug 19 12:21:07 -0300][INFO] Acesso do usuário admin ao sistema.
[Wed, 14 Aug 19 12:22:00 -0300][INFO] Acesso do usuário admin ao sistema.
[Thu, 15 Aug 19 08:49:42 -0300][INFO] Acesso do usuário admin ao sistema.
[Thu, 15 Aug 19 10:21:57 -0300][INFO] Acesso do usuário admin ao sistema.
[Thu, 15 Aug 19 11:38:46 -0300][INFO] Acesso do usuário admin ao sistema.
[Thu, 15 Aug 19 16:29:12 -0300][INFO] Acesso do usuário admin ao sistema.
[Thu, 15 Aug 19 17:31:04 -0300][INFO] Acesso do usuário admin ao sistema.
[Thu, 15 Aug 19 22:07:49 -0300][INFO] Acesso do usuário admin ao sistema.
[Fri, 16 Aug 19 09:22:26 -0300][INFO] Acesso do usuário admin ao sistema.
[Fri, 16 Aug 19 13:18:57 -0300][INFO] Acesso do usuário admin ao sistema.
[Sat, 17 Aug 19 07:47:33 -0300][INFO] Acesso do usuário admin ao sistema.
[Sat, 17 Aug 19 17:48:19 -0300][INFO] Acesso do usuário admin ao sistema.
[Sat, 17 Aug 19 19:40:35 -0300][INFO] Acesso do usuário admin ao sistema.
[Sat, 17 Aug 19 20:14:42 -0300][INFO] Acesso do usuário admin ao sistema.
[Sun, 18 Aug 19 09:34:54 -0300][INFO] Acesso do usuário admin ao sistema.
[Sun, 18 Aug 19 09:52:13 -0300][INFO] Acesso do usuário admin ao sistema.
[Sun, 18 Aug 19 10:52:26 -0300][INFO] Acesso do usuário admin ao sistema.
[Sun, 18 Aug 19 17:49:31 -0300][INFO] Acesso do usuário admin ao sistema.
[Mon, 19 Aug 19 09:35:34 -0300][INFO] Acesso do usuário admin ao sistema.
[Mon, 19 Aug 19 15:32:02 -0300][INFO] Acesso do usuário admin ao sistema.
[Mon, 19 Aug 19 15:51:08 -0300][INFO] Saída do usuário admin do sistema.
[Mon, 19 Aug 19 15:51:15 -0300][INFO] Acesso do usuário admin ao sistema.
[Mon, 19 Aug 19 18:27:06 -0300][INFO] Saída do usuário admin do sistema.
[Mon, 19 Aug 19 18:27:58 -0300][INFO] Acesso do usuário admin ao sistema.
[Tue, 20 Aug 19 15:32:12 -0300][INFO] Acesso do usuário admin ao sistema.
[Tue, 20 Aug 19 21:26:56 -0300][INFO] Acesso do usuário admin ao sistema.
[Wed, 21 Aug 19 15:31:18 -0300][INFO] Acesso do usuário admin ao sistema.
[Thu, 22 Aug 19 09:24:14 -0300][INFO] Acesso do usuário admin ao sistema.
[Thu, 22 Aug 19 15:55:51 -0300][INFO] Acesso do usuário admin ao sistema.
[Thu, 22 Aug 19 15:58:14 -0300][INFO] Acesso do usuário admin ao sistema.
[Thu, 22 Aug 19 16:02:42 -0300][INFO] Acesso do usuário admin ao sistema.
[Thu, 22 Aug 19 19:46:17 -0300][INFO] Acesso do usuário admin ao sistema.
[Fri, 23 Aug 19 10:13:06 -0300][INFO] Acesso do usuário admin ao sistema.
[Mon, 26 Aug 19 09:44:33 -0300][INFO] Acesso do usuário admin ao sistema.
[Mon, 26 Aug 19 13:38:33 -0300][INFO] Acesso do usuário admin ao sistema.
[Mon, 26 Aug 19 16:51:24 -0300][INFO] Acesso do usuário admin ao sistema.
[Mon, 26 Aug 19 18:52:53 -0300][INFO] Acesso do usuário admin ao sistema.
[Mon, 26 Aug 19 21:59:55 -0300][INFO] Acesso do usuário admin ao sistema.
[Tue, 27 Aug 19 09:23:31 -0300][INFO] Acesso do usuário admin ao sistema.
[Tue, 27 Aug 19 17:57:21 -0300][INFO] Acesso do usuário admin ao sistema.
[Tue, 27 Aug 19 17:58:30 -0300][INFO] Saída do usuário admin do sistema.
[Tue, 27 Aug 19 17:58:52 -0300][INFO] Acesso do usuário admin ao sistema.
[Wed, 28 Aug 19 10:57:33 -0300][INFO] Acesso do usuário admin ao sistema.
[Tue, 03 Sep 19 09:26:10 -0300][INFO] Acesso do usuário admin ao sistema.
[Thu, 05 Sep 19 09:21:58 -0300][INFO] Acesso do usuário admin ao sistema.
[Fri, 06 Sep 19 09:25:39 -0300][INFO] Acesso do usuário admin ao sistema.
[Fri, 06 Sep 19 14:16:12 -0300][INFO] Acesso do usuário admin ao sistema.
[Thu, 19 Sep 19 09:26:22 -0300][INFO] Acesso do usuário admin ao sistema.
[Thu, 19 Sep 19 10:22:28 -0300][INFO] Acesso do usuário admin ao sistema.
[Wed, 25 Sep 19 09:47:40 -0300][INFO] Acesso do usuário admin ao sistema.
[Thu, 26 Sep 19 09:38:26 -0300][INFO] Acesso do usuário admin ao sistema.
[Thu, 26 Sep 19 14:15:06 -0300][INFO] Acesso do usuário admin ao sistema.
[Thu, 26 Sep 19 20:38:52 -0300][INFO] Acesso do usuário admin ao sistema.
[Mon, 30 Sep 19 08:18:45 -0300][INFO] Acesso do usuário admin ao sistema.
[Mon, 30 Sep 19 09:42:18 -0300][INFO] Acesso do usuário admin ao sistema.
[Mon, 30 Sep 19 10:43:18 -0300][INFO] Acesso do usuário admin ao sistema.
[Tue, 01 Oct 19 17:05:56 -0300][INFO] Acesso do usuário admin ao sistema.
[Tue, 01 Oct 19 18:42:17 -0300][INFO] Acesso do usuário admin ao sistema.
[Wed, 02 Oct 19 07:27:37 -0300][INFO] Acesso do usuário admin ao sistema.
[Wed, 02 Oct 19 08:12:56 -0300][INFO] Acesso do usuário admin ao sistema.
[Wed, 02 Oct 19 08:48:48 -0300][INFO] Acesso do usuário admin ao sistema.
[Wed, 02 Oct 19 10:40:28 -0300][INFO] Acesso do usuário admin ao sistema.
[Wed, 02 Oct 19 13:45:56 -0300][INFO] Acesso do usuário admin ao sistema.
[Wed, 02 Oct 19 19:18:09 -0300][INFO] Acesso do usuário admin ao sistema.
[Wed, 02 Oct 19 21:38:16 -0300][INFO] Acesso do usuário admin ao sistema.
[Wed, 02 Oct 19 23:51:57 -0300][INFO] Saída do usuário admin do sistema.
[Wed, 02 Oct 19 23:52:04 -0300][INFO] Acesso do usuário admin ao sistema.
[Wed, 02 Oct 19 23:54:29 -0300][INFO] Saída do usuário admin do sistema.
[Wed, 02 Oct 19 23:54:36 -0300][INFO] Acesso do usuário marcelo.santos ao sistema.
[Wed, 02 Oct 19 23:57:52 -0300][INFO] Saída do usuário marcelo.santos do sistema.
[Wed, 02 Oct 19 23:58:02 -0300][INFO] Acesso do usuário marcelo.santos ao sistema.
[Thu, 03 Oct 19 00:07:20 -0300][INFO] Saída do usuário marcelo.santos do sistema.
[Thu, 03 Oct 19 00:07:27 -0300][INFO] Acesso do usuário admin ao sistema.
[Tue, 08 Oct 19 15:36:13 -0300][INFO] Acesso do usuário admin ao sistema.
[Fri, 18 Oct 19 11:27:43 -0300][INFO] Acesso do usuário admin ao sistema.
[Fri, 18 Oct 19 14:01:54 -0300][INFO] Acesso do usuário admin ao sistema.
[Mon, 21 Oct 19 16:05:49 -0300][INFO] Acesso do usuário admin ao sistema.
[Mon, 21 Oct 19 16:43:36 -0300][INFO] Acesso do usuário admin ao sistema.
[Tue, 22 Oct 19 11:18:26 -0300][INFO] Acesso do usuário admin ao sistema.
[Tue, 22 Oct 19 12:34:23 -0300][INFO] Acesso do usuário admin ao sistema.
[Tue, 22 Oct 19 14:23:43 -0300][INFO] Acesso do usuário admin ao sistema.
[Wed, 23 Oct 19 09:15:10 -0300][INFO] Acesso do usuário admin ao sistema.
[Wed, 23 Oct 19 10:48:40 -0300][INFO] Acesso do usuário admin ao sistema.
[Wed, 23 Oct 19 15:26:09 -0300][INFO] Acesso do usuário admin ao sistema.
